C51 COMPILER V9.00   IRED                                                                  06/21/2024 15:37:44 PAGE 1   


C51 COMPILER V9.00, COMPILATION OF MODULE IRED
OBJECT MODULE PLACED IN .\Objects\ired.obj
COMPILER INVOKED BY: D:\Keil4\C51\BIN\C51.EXE ired.c BROWSE DEBUG OBJECTEXTEND PRINT(.\Listings\ired.lst) OBJECT(.\Objec
                    -ts\ired.obj)

line level    source

   1          #include "ired.h"
   2          
   3          
   4          
   5          /********************************************************************
   6          ***********
   7          * 函 数 名 : ired_init
   8          * 函数功能 : 红外端口初始化函数，外部中断 0 配置
   9          * 输 入 : 无
  10          * 输 出 : 无
  11          *********************************************************************
  12          **********/
  13          
  14          u8 gired_data[4];
  15          
  16          void ired_init(void)
  17          {
  18   1              IT0=1; //下降沿触发
  19   1              EX0=1; //打开中断 0 允许
  20   1              EA=1; //打开总中断
  21   1              IRED=1; //初始化端口
  22   1      }
  23          
  24          void ired() interrupt 0 //外部中断 0 服务函数
  25          {
  26   1              u8 ired_high_time=0;
  27   1              u16 time_cnt=0;
  28   1              u8 i=0,j=0;
  29   1              if(IRED==0)
  30   1              {
  31   2                      time_cnt=1000;
  32   2                      while((!IRED)&&(time_cnt))//等待引导信号 9ms 低电平结束，若超过 10ms强制退出
  33   2                      {
  34   3                              delay_10us(1);//延时约 10us
  35   3                              time_cnt--;
  36   3                              if(time_cnt==0)return;
  37   3                      }
  38   2                      if(IRED)//引导信号 9ms 低电平已过，进入 4.5ms 高电平
  39   2                      {
  40   3                              time_cnt=500;
  41   3                              while(IRED&&time_cnt)//等待引导信号 4.5ms 高电平结束，若超过 5ms 强制退出
  42   3                              {
  43   4                                      delay_10us(1);
  44   4                                      time_cnt--;
  45   4                                      if(time_cnt==0)return;
  46   4                              }
  47   3                              for(i=0;i<4;i++)//循环 4 次，读取 4 个字节数据
  48   3                              {
  49   4                                      for(j=0;j<8;j++)//循环 8 次读取每位数据即一个字节
  50   4                                      {
  51   5                                              time_cnt=600;
  52   5                                              while((IRED==0)&&time_cnt)//等待数据 1 或 0 前面的 0.56ms结束，若超过 6ms 强制退出
  53   5                                              {
  54   6                                                      delay_10us(1);
C51 COMPILER V9.00   IRED                                                                  06/21/2024 15:37:44 PAGE 2   

  55   6                                                      time_cnt--;
  56   6                                                      if(time_cnt==0)return;
  57   6                                              }
  58   5                                              time_cnt=20;
  59   5                                              while(IRED)//等待数据 1 或 0 后面的高电平结束，若超过 2ms 强制退出
  60   5                                              {
  61   6                                                      delay_10us(10);//约 0.1ms
  62   6                                                      ired_high_time++;
  63   6                                                      if(ired_high_time>20)return;
  64   6                                              }
  65   5                                              gired_data[i]>>=1;//先读取的为低位，然后是高位
  66   5                                              if(ired_high_time>=8)//如果高电平时间大于 0.8ms，数据则为1，否则为 0
  67   5                                                      gired_data[i]|=0x80;
  68   5                                              ired_high_time=0;//重新清零，等待下一次计算时间
  69   5                                      }
  70   4                              }
  71   3                      }
  72   2                      if(gired_data[2]!=~gired_data[3])//校验控制码与反码，错误则返回
  73   2                      {
  74   3                              for(i=0;i<4;i++)
  75   3                                      gired_data[i]=0;
  76   3                              return;
  77   3                      }
  78   2              }
  79   1      }
  80          
  81          


MODULE INFORMATION:   STATIC OVERLAYABLE
   CODE SIZE        =    315    ----
   CONSTANT SIZE    =   ----    ----
   XDATA SIZE       =   ----    ----
   PDATA SIZE       =   ----    ----
   DATA SIZE        =      4       5
   IDATA SIZE       =   ----    ----
   BIT SIZE         =   ----    ----
END OF MODULE INFORMATION.


C51 COMPILATION COMPLETE.  0 WARNING(S),  0 ERROR(S)
