C51 COMPILER V9.00   KEY                                                                   06/21/2024 13:53:40 PAGE 1   


C51 COMPILER V9.00, COMPILATION OF MODULE KEY
OBJECT MODULE PLACED IN .\Objects\key.obj
COMPILER INVOKED BY: D:\Keil4\C51\BIN\C51.EXE key.c BROWSE DEBUG OBJECTEXTEND PRINT(.\Listings\key.lst) OBJECT(.\Objects
                    -\key.obj)

line level    source

   1          #include "key.h"
   2          #include "public.h"
   3           
   4          
   5          unsigned char key_scan()
   6          {
   7   1              static u8 key=1;
   8   1       
   9   1      //      if(mode)key=1;//
  10   1              if(key==1&&(KEY1==0||KEY2==0||KEY3==0||KEY4==0||KEY5==0))//
  11   1              {
  12   2                      delay_ms(10);//—” ±10ms
  13   2                      key=0;
  14   2                      if(KEY1==0)
  15   2                              return KEY1_PRESS;
  16   2                      else if(KEY2==0)
  17   2                              return KEY2_PRESS;
  18   2                      else if(KEY3==0)
  19   2                              return KEY3_PRESS;
  20   2                      else if(KEY4==0)
  21   2                              return KEY4_PRESS;
  22   2                      else if(KEY5==0)
  23   2                              return KEY5_PRESS;      
  24   2              }
  25   1              else if(KEY1==1&&KEY2==1&&KEY3==1&&KEY4==1&&KEY5==1)    //
  26   1              {
  27   2                      key=1;                  
  28   2              }
  29   1              return KEY_UNPRESS;             
  30   1      }


MODULE INFORMATION:   STATIC OVERLAYABLE
   CODE SIZE        =     82    ----
   CONSTANT SIZE    =   ----    ----
   XDATA SIZE       =   ----    ----
   PDATA SIZE       =   ----    ----
   DATA SIZE        =      1    ----
   IDATA SIZE       =   ----    ----
   BIT SIZE         =   ----    ----
END OF MODULE INFORMATION.


C51 COMPILATION COMPLETE.  0 WARNING(S),  0 ERROR(S)
