C51 COMPILER V9.00   PUBLIC                                                                06/21/2024 12:32:21 PAGE 1   


C51 COMPILER V9.00, COMPILATION OF MODULE PUBLIC
OBJECT MODULE PLACED IN .\Objects\public.obj
COMPILER INVOKED BY: D:\Keil4\C51\BIN\C51.EXE public.c BROWSE DEBUG OBJECTEXTEND PRINT(.\Listings\public.lst) OBJECT(.\O
                    -bjects\public.obj)

line level    source

   1          #include "public.h"
   2          
   3          /********************************************************************
   4          ***********
   5          * 函 数 名 : delay_ms
   6          * 函数功能 : ms 延时函数，ms=1 时，大约延时 1ms
   7          * 输 入 : ten_us
   8          * 输 出 : 无
   9          *********************************************************************
  10          **********/
  11          void delay_ms(u16 ms)
  12          {
  13   1              u16 i,j;
  14   1              for(i=ms;i>0;i--)
  15   1              for(j=110;j>0;j--);
  16   1      }
  17          
  18          /********************************************************************
  19          ***********
  20          * 函 数 名 : delay_10us
  21          * 函数功能 : 延时函数，ten_us=1 时，大约延时 10us
  22          * 输 入 : ten_us
  23          * 输 出 : 无
  24          *********************************************************************
  25          **********/
  26          void delay_10us(u16 ten_us)
  27          {
  28   1              while(ten_us--);
  29   1      }


MODULE INFORMATION:   STATIC OVERLAYABLE
   CODE SIZE        =     41    ----
   CONSTANT SIZE    =   ----    ----
   XDATA SIZE       =   ----    ----
   PDATA SIZE       =   ----    ----
   DATA SIZE        =   ----    ----
   IDATA SIZE       =   ----    ----
   BIT SIZE         =   ----    ----
END OF MODULE INFORMATION.


C51 COMPILATION COMPLETE.  0 WARNING(S),  0 ERROR(S)
